{
  "RSpec": {
    "coverage": {
      "C:/github/rafolo-test/sample_app/spec/support/utilities.rb": [
        1,
        null,
        1,
        2,
        2,
        null,
        null,
        null,
        1,
        49,
        49,
        0,
        0,
        null,
        0,
        null
      ],
      "C:/github/rafolo-test/sample_app/spec/controllers/alarms_controller_spec.rb": [
        1,
        null,
        null,
        null,
        null,
        null,
        null,
        null,
        null,
        null,
        null,
        null,
        null,
        null,
        null,
        null,
        null,
        null,
        null,
        null,
        1,
        null,
        null,
        null,
        null,
        1,
        13,
        null,
        null,
        null,
        null,
        null,
        1,
        6,
        null,
        null,
        1,
        1,
        1,
        0,
        0,
        null,
        null,
        null,
        1,
        1,
        1,
        0,
        0,
        null,
        null,
        null,
        1,
        1,
        1,
        1,
        null,
        null,
        null,
        1,
        1,
        1,
        0,
        0,
        null,
        null,
        null,
        1,
        1,
        1,
        1,
        1,
        null,
        null,
        null,
        1,
        1,
        1,
        1,
        null,
        null,
        1,
        1,
        1,
        null,
        null,
        null,
        1,
        1,
        null,
        1,
        1,
        1,
        null,
        null,
        1,
        null,
        1,
        1,
        1,
        null,
        null,
        null,
        null,
        1,
        1,
        1,
        1,
        null,
        null,
        null,
        null,
        0,
        0,
        null,
        null,
        1,
        1,
        0,
        0,
        null,
        null,
        1,
        1,
        0,
        0,
        null,
        null,
        null,
        1,
        1,
        1,
        null,
        0,
        0,
        0,
        null,
        null,
        1,
        1,
        null,
        0,
        0,
        0,
        null,
        null,
        null,
        null,
        1,
        1,
        1,
        0,
        0,
        null,
        null,
        null,
        1,
        1,
        0,
        0,
        null,
        null,
        null,
        null
      ],
      "C:/github/rafolo-test/sample_app/spec/controllers/credit_card_controller_spec.rb": [
        1,
        null,
        1,
        null,
        1,
        1,
        1,
        1,
        null,
        null,
        null,
        1,
        1,
        1,
        1,
        null,
        null,
        null,
        null
      ],
      "C:/github/rafolo-test/sample_app/spec/controllers/map_point_controller_spec.rb": [
        1,
        null,
        1,
        null,
        1,
        1,
        1,
        1,
        null,
        null,
        null,
        1,
        1,
        1,
        0,
        null,
        null,
        null,
        null
      ],
      "C:/github/rafolo-test/sample_app/spec/controllers/relationships_controller_spec.rb": [
        1,
        null,
        1,
        null,
        5,
        1,
        null,
        5,
        null,
        1,
        null,
        1,
        0,
        0,
        null,
        null,
        null,
        1,
        0,
        0,
        null,
        null,
        null,
        1,
        null,
        1,
        1,
        null,
        1,
        0,
        0,
        null,
        null,
        null,
        1,
        0,
        0,
        null,
        null,
        null
      ],
      "C:/github/rafolo-test/sample_app/spec/helpers/alarm_controller_helper_spec.rb": [
        1,
        null,
        null,
        null,
        null,
        null,
        null,
        null,
        null,
        null,
        null,
        null,
        1,
        1,
        null
      ],
      "C:/github/rafolo-test/sample_app/spec/helpers/alarm_helper_spec.rb": [
        1,
        null,
        null,
        null,
        null,
        null,
        null,
        null,
        null,
        null,
        null,
        null,
        1,
        1,
        null
      ],
      "C:/github/rafolo-test/sample_app/spec/helpers/alarms_helper_spec.rb": [
        1,
        null,
        null,
        null,
        null,
        null,
        null,
        null,
        null,
        null,
        null,
        null,
        1,
        1,
        null
      ],
      "C:/github/rafolo-test/sample_app/spec/helpers/application_helper_spec.rb": [
        1,
        null,
        1,
        null,
        1,
        null,
        1,
        1,
        null,
        null,
        1,
        1,
        null,
        null,
        1,
        1,
        null,
        null,
        null
      ],
      "C:/github/rafolo-test/sample_app/spec/helpers/credit_card_helper_spec.rb": [
        1,
        null,
        null,
        null,
        null,
        null,
        null,
        null,
        null,
        null,
        null,
        null,
        1,
        1,
        null
      ],
      "C:/github/rafolo-test/sample_app/spec/helpers/map_point_helper_spec.rb": [
        1,
        null,
        null,
        null,
        null,
        null,
        null,
        null,
        null,
        null,
        null,
        null,
        1,
        1,
        null
      ],
      "C:/github/rafolo-test/sample_app/spec/helpers/menu_helper/menu_helper_spec.rb": [
        1,
        null,
        1,
        null,
        1,
        null,
        1,
        0,
        null,
        null
      ],
      "C:/github/rafolo-test/sample_app/spec/lib/extensions/menu/menu_class_spec.rb": [
        null,
        null,
        null,
        null,
        null,
        null,
        null,
        null,
        null,
        null,
        null,
        null,
        null,
        null,
        null,
        null,
        null,
        null,
        null,
        null,
        null,
        null,
        null,
        null,
        null,
        null,
        null,
        null,
        null,
        null,
        null,
        null,
        null,
        null,
        null,
        null,
        null,
        null,
        null,
        null,
        null,
        null,
        null,
        null,
        null,
        null,
        null,
        null,
        null,
        null,
        null,
        null,
        null,
        null,
        null,
        null,
        null,
        null,
        null,
        null,
        null,
        null,
        null,
        null,
        null,
        null,
        null,
        null,
        null,
        null
      ],
      "C:/github/rafolo-test/sample_app/spec/lib/extensions/menu/menu_extension_spec.rb": [
        null,
        null,
        null,
        null,
        null,
        null,
        null,
        null,
        null,
        null,
        null,
        null,
        null,
        null,
        null,
        null,
        null,
        null,
        null,
        null,
        null,
        null,
        null,
        null,
        null
      ],
      "C:/github/rafolo-test/sample_app/spec/lib/extensions/menu/menu_module_min_spec.rb": [
        null,
        1,
        1,
        null,
        1,
        1,
        null,
        null,
        1,
        1,
        null,
        null,
        1,
        1,
        null,
        1,
        0,
        null,
        null,
        null,
        1,
        1,
        null,
        1,
        0,
        null,
        null,
        null,
        1,
        null,
        1,
        null,
        1,
        1,
        1,
        null,
        null,
        null,
        1,
        null,
        1,
        1,
        1,
        null,
        null,
        null,
        1,
        null,
        1,
        1,
        1,
        null,
        null,
        null,
        1,
        null,
        1,
        1,
        1,
        1,
        null,
        null,
        null
      ],
      "C:/github/rafolo-test/sample_app/spec/lib/extensions/menu/menu_module_spec.rb": [
        1,
        null,
        1,
        null,
        1,
        null,
        1,
        1,
        1,
        1,
        null,
        null,
        null,
        null
      ],
      "C:/github/rafolo-test/sample_app/spec/models/alarm_spec.rb": [
        1,
        null,
        1,
        1,
        null
      ],
      "C:/github/rafolo-test/sample_app/spec/models/micropost_spec.rb": [
        1,
        null,
        1,
        null,
        10,
        null,
        1,
        9,
        null,
        null,
        9,
        null,
        2,
        2,
        2,
        2,
        null,
        2,
        null,
        1,
        1,
        1,
        1,
        null,
        null,
        null,
        null,
        1,
        2,
        2,
        null,
        null,
        1,
        2,
        2,
        null,
        null,
        1,
        2,
        2,
        null,
        null
      ],
      "C:/github/rafolo-test/sample_app/spec/models/relationship_spec.rb": [
        1,
        null,
        1,
        null,
        9,
        8,
        8,
        null,
        8,
        null,
        2,
        null,
        1,
        1,
        1,
        1,
        null,
        null,
        null,
        null,
        1,
        null,
        2,
        2,
        2,
        2,
        null,
        null,
        1,
        2,
        2,
        null,
        null,
        1,
        2,
        2,
        null,
        null
      ],
      "C:/github/rafolo-test/sample_app/spec/models/user_json_spec.rb": [
        1,
        null,
        1,
        null,
        1,
        3,
        null,
        null,
        null,
        2,
        2,
        null,
        1,
        1,
        null,
        null,
        1,
        1,
        1,
        null,
        null,
        null,
        1,
        1,
        1,
        null,
        null,
        null,
        null
      ],
      "C:/github/rafolo-test/sample_app/spec/models/user_spec.rb": [
        1,
        null,
        1,
        null,
        1,
        47,
        null,
        null,
        null,
        41,
        null,
        2,
        2,
        2,
        2,
        2,
        2,
        2,
        2,
        2,
        2,
        2,
        2,
        2,
        2,
        2,
        2,
        2,
        null,
        2,
        2,
        null,
        1,
        1,
        1,
        1,
        null,
        null,
        null,
        null,
        1,
        2,
        null,
        2,
        null,
        null,
        1,
        2,
        null,
        2,
        null,
        null,
        1,
        2,
        2,
        null,
        null,
        1,
        2,
        2,
        null,
        null,
        1,
        2,
        2,
        null,
        null,
        1,
        1,
        1,
        null,
        1,
        5,
        5,
        null,
        null,
        null,
        null,
        1,
        1,
        1,
        1,
        4,
        4,
        null,
        null,
        null,
        null,
        1,
        1,
        1,
        1,
        1,
        null,
        null,
        2,
        null,
        null,
        1,
        2,
        2,
        null,
        null,
        1,
        2,
        2,
        null,
        null,
        1,
        2,
        2,
        null,
        null,
        1,
        2,
        2,
        null,
        null,
        1,
        4,
        4,
        null,
        1,
        2,
        null,
        null,
        1,
        3,
        null,
        2,
        2,
        null,
        null,
        null,
        1,
        2,
        2,
        null,
        null,
        1,
        null,
        7,
        1,
        6,
        null,
        1,
        6,
        null,
        null,
        1,
        1,
        null,
        null,
        1,
        1,
        1,
        1,
        0,
        null,
        null,
        null,
        1,
        1,
        1,
        null,
        5,
        null,
        1,
        4,
        16,
        null,
        null,
        2,
        2,
        2,
        1,
        1,
        3,
        null,
        null,
        null,
        null,
        null,
        1,
        6,
        1,
        5,
        5,
        null,
        null,
        2,
        2,
        null,
        1,
        2,
        2,
        null,
        null,
        1,
        3,
        null,
        2,
        2,
        null,
        null,
        null
      ],
      "C:/github/rafolo-test/sample_app/spec/requests/alarms_spec.rb": [
        1,
        null,
        1,
        1,
        1,
        null,
        1,
        1,
        null,
        null,
        1,
        1,
        1,
        null,
        null,
        null,
        null
      ],
      "C:/github/rafolo-test/sample_app/spec/requests/authentication_pages_spec.rb": [
        1,
        null,
        1,
        null,
        11,
        null,
        1,
        3,
        null,
        2,
        2,
        null,
        null,
        1,
        11,
        null,
        1,
        4,
        null,
        2,
        2,
        null,
        1,
        2,
        2,
        null,
        null,
        null,
        1,
        8,
        8,
        null,
        1,
        1,
        1,
        1,
        1,
        1,
        null,
        1,
        1,
        1,
        null,
        null,
        null,
        null,
        1,
        null,
        1,
        8,
        null,
        1,
        1,
        2,
        2,
        0,
        0,
        null,
        null,
        1,
        1,
        0,
        null,
        null,
        1,
        1,
        0,
        0,
        0,
        0,
        0,
        null,
        null,
        1,
        0,
        null,
        null,
        null,
        null,
        null,
        1,
        null,
        1,
        3,
        2,
        2,
        null,
        null,
        1,
        2,
        2,
        null,
        null,
        1,
        2,
        2,
        null,
        null,
        1,
        2,
        2,
        null,
        null,
        1,
        2,
        2,
        null,
        null,
        null,
        null,
        1,
        null,
        1,
        2,
        2,
        null,
        null,
        1,
        2,
        2,
        null,
        null,
        null,
        1,
        null,
        1,
        2,
        2,
        null,
        null,
        1,
        2,
        2,
        null,
        null,
        null,
        1,
        3,
        1,
        3,
        null,
        1,
        1,
        1,
        null,
        null,
        1,
        1,
        1,
        null,
        null,
        null,
        1,
        1,
        2,
        null,
        2,
        null,
        1,
        1,
        1,
        null,
        null,
        null,
        null
      ],
      "C:/github/rafolo-test/sample_app/spec/requests/micropost_pages_spec.rb": [
        1,
        null,
        1,
        null,
        1,
        null,
        4,
        null,
        4,
        null,
        1,
        1,
        null,
        1,
        null,
        1,
        0,
        null,
        null,
        1,
        1,
        1,
        null,
        null,
        null,
        null,
        1,
        1,
        null,
        1,
        1,
        null,
        1,
        0,
        null,
        null,
        null,
        null
      ],
      "C:/github/rafolo-test/sample_app/spec/requests/static_pages_spec.rb": [
        1,
        null,
        1,
        null,
        10,
        null,
        1,
        7,
        null,
        2,
        2,
        2,
        null,
        1,
        4,
        1,
        3,
        3,
        3,
        0,
        null,
        null,
        1,
        0,
        0,
        null,
        null,
        null,
        1,
        1,
        1,
        0,
        0,
        null,
        null,
        1,
        1,
        null,
        null,
        null,
        null,
        1,
        3,
        null,
        2,
        2,
        null,
        null,
        1,
        3,
        null,
        2,
        null,
        2,
        null,
        null,
        1,
        3,
        null,
        2,
        2,
        null,
        null,
        1,
        1,
        1,
        1,
        1,
        0,
        0,
        0,
        0,
        0,
        0,
        0,
        0,
        0,
        0,
        null,
        null
      ],
      "C:/github/rafolo-test/sample_app/spec/requests/user_pages_spec.rb": [
        1,
        null,
        1,
        null,
        11,
        null,
        1,
        null,
        9,
        null,
        32,
        2,
        null,
        1,
        8,
        0,
        null,
        null,
        1,
        1,
        null,
        1,
        1,
        null,
        1,
        0,
        0,
        null,
        null,
        null,
        null,
        1,
        null,
        1,
        null,
        1,
        1,
        1,
        0,
        0,
        null,
        null,
        1,
        1,
        0,
        null,
        1,
        null,
        null,
        null,
        null,
        1,
        3,
        null,
        2,
        2,
        null,
        null,
        1,
        12,
        12,
        12,
        null,
        12,
        null,
        2,
        2,
        null,
        1,
        2,
        2,
        2,
        null,
        null,
        1,
        1,
        7,
        null,
        1,
        1,
        null,
        1,
        0,
        0,
        null,
        null,
        null,
        1,
        0,
        0,
        null,
        null,
        null,
        1,
        1,
        1,
        null,
        null,
        null,
        1,
        1,
        0,
        0,
        null,
        null,
        1,
        0,
        0,
        null,
        null,
        null,
        1,
        0,
        0,
        null,
        null,
        null,
        1,
        1,
        1,
        null,
        null,
        null,
        null,
        null,
        1,
        null,
        9,
        null,
        5,
        null,
        1,
        1,
        2,
        null,
        null,
        1,
        4,
        null,
        2,
        2,
        2,
        null,
        null,
        null,
        1,
        null,
        1,
        4,
        0,
        0,
        0,
        null,
        null,
        1,
        0,
        null,
        null,
        1,
        1,
        null,
        1,
        null,
        1,
        1,
        1,
        null,
        null,
        null,
        null,
        1,
        10,
        1,
        9,
        0,
        null,
        null,
        1,
        null,
        1,
        1,
        1,
        null,
        null,
        1,
        1,
        null,
        1,
        null,
        null,
        1,
        1,
        1,
        1,
        0,
        0,
        0,
        0,
        0,
        null,
        null,
        1,
        1,
        1,
        1,
        1,
        null,
        null,
        null,
        1,
        7,
        7,
        7,
        null,
        1,
        1,
        3,
        0,
        null,
        null,
        1,
        1,
        1,
        null,
        null,
        1,
        1,
        3,
        0,
        null,
        null,
        1,
        1,
        1,
        null,
        null,
        null
      ],
      "C:/github/rafolo-test/sample_app/spec/routing/alarms_routing_spec.rb": [
        1,
        null,
        1,
        null,
        1,
        null,
        1,
        1,
        null,
        null,
        1,
        1,
        null,
        null,
        1,
        1,
        null,
        null,
        1,
        1,
        null,
        null,
        1,
        1,
        null,
        null,
        1,
        1,
        null,
        null,
        1,
        1,
        null,
        null,
        null
      ],
      "C:/github/rafolo-test/sample_app/spec/views/alarm/index.html.erb_spec.rb": [
        1,
        null,
        1,
        1,
        null
      ],
      "C:/github/rafolo-test/sample_app/spec/views/alarm_controller/index.html.erb_spec.rb": [
        1,
        null,
        1,
        1,
        null
      ],
      "C:/github/rafolo-test/sample_app/spec/views/alarms/edit.html.erb_spec.rb": [
        1,
        null,
        1,
        1,
        1,
        null,
        null,
        null,
        null,
        null,
        null,
        1,
        1,
        null,
        null,
        1,
        1,
        1,
        1,
        null,
        null,
        null
      ],
      "C:/github/rafolo-test/sample_app/spec/views/alarms/index.html.erb_spec.rb": [
        1,
        null,
        1,
        1,
        1,
        null,
        null,
        null,
        null,
        null,
        null,
        null,
        null,
        null,
        null,
        null,
        null,
        null,
        1,
        1,
        null,
        1,
        1,
        1,
        null,
        null
      ],
      "C:/github/rafolo-test/sample_app/spec/views/alarms/new.html.erb_spec.rb": [
        1,
        null,
        1,
        1,
        1,
        null,
        null,
        null,
        null,
        null,
        null,
        1,
        1,
        null,
        null,
        1,
        1,
        1,
        1,
        null,
        null,
        null
      ],
      "C:/github/rafolo-test/sample_app/spec/views/alarms/show.html.erb_spec.rb": [
        1,
        null,
        1,
        1,
        1,
        null,
        null,
        null,
        null,
        null,
        null,
        1,
        1,
        null,
        1,
        1,
        1,
        null,
        null
      ],
      "C:/github/rafolo-test/sample_app/spec/views/credit_card/index.html.erb_spec.rb": [
        1,
        null,
        1,
        1,
        null
      ],
      "C:/github/rafolo-test/sample_app/spec/views/credit_card/transactions.html.erb_spec.rb": [
        1,
        null,
        1,
        1,
        null
      ],
      "C:/github/rafolo-test/sample_app/spec/views/layouts/application.html.erb_spec.rb": [
        null,
        null,
        null,
        null,
        null,
        null,
        null,
        null,
        null,
        null,
        null,
        null,
        null,
        1,
        null,
        1,
        null,
        1,
        null,
        2,
        null,
        1,
        null,
        1,
        1,
        1,
        1,
        null,
        null,
        1,
        1,
        0,
        null,
        null,
        null,
        null,
        null,
        1,
        null,
        null,
        null,
        null,
        null
      ],
      "C:/github/rafolo-test/sample_app/spec/views/map_point/history.html.erb_spec.rb": [
        1,
        null,
        1,
        1,
        null
      ],
      "C:/github/rafolo-test/sample_app/spec/views/map_point/index.html.erb_spec.rb": [
        1,
        null,
        1,
        1,
        null
      ]
    },
    "timestamp": 1404468464
  }
}
